2021-03-12 22:56:45 error: StatusCode : 500, Message : No repository for "UserEntity" was found. Looks like this entity is not registered in current "default" connection?
2021-03-12 22:56:45 error: StatusCode : 500, Message : No repository for "UserEntity" was found. Looks like this entity is not registered in current "default" connection?
2021-03-12 22:56:45 error: StatusCode : 404, Message : Authentication token missing
2021-03-12 22:59:37 error: StatusCode : 500, Message : No repository for "UserEntity" was found. Looks like this entity is not registered in current "default" connection?
2021-03-12 22:59:37 error: StatusCode : 500, Message : No repository for "UserEntity" was found. Looks like this entity is not registered in current "default" connection?
2021-03-12 22:59:37 error: StatusCode : 404, Message : Authentication token missing
2021-03-12 23:04:17 error: StatusCode : 500, Message : No repository for "UserEntity" was found. Looks like this entity is not registered in current "default" connection?
2021-03-12 23:04:17 error: StatusCode : 500, Message : No repository for "UserEntity" was found. Looks like this entity is not registered in current "default" connection?
2021-03-12 23:04:17 error: StatusCode : 404, Message : Authentication token missing
2021-03-12 23:17:44 info: 🚀 App listening on the port 3000
2021-03-12 23:17:46 error: StatusCode : 500, Message : It appears you have done something like `app.use(helmet)`, but it should be `app.use(helmet())`.
2021-03-12 23:17:46 error: StatusCode : 500, Message : It appears you have done something like `app.use(helmet)`, but it should be `app.use(helmet())`.
2021-03-12 23:17:46 error: StatusCode : 500, Message : It appears you have done something like `app.use(helmet)`, but it should be `app.use(helmet())`.
2021-03-12 23:17:48 error: StatusCode : 500, Message : It appears you have done something like `app.use(helmet)`, but it should be `app.use(helmet())`.
2021-03-12 23:18:10 error: StatusCode : 500, Message : It appears you have done something like `app.use(helmet)`, but it should be `app.use(helmet())`.
2021-03-12 23:18:10 info: ::1 - - [12/Mar/2021:22:18:10 +0000] "GET / HTTP/1.1" 500 110 "-" "Mozilla/5.0 (Macintosh; Intel Mac OS X 10_15_4) AppleWebKit/537.36 (KHTML, like Gecko) Chrome/89.0.4389.82 Safari/537.36"
2021-03-12 23:18:26 error: StatusCode : 500, Message : It appears you have done something like `app.use(helmet)`, but it should be `app.use(helmet())`.
2021-03-12 23:18:26 info: ::1 - - [12/Mar/2021:22:18:26 +0000] "GET / HTTP/1.1" 500 110 "-" "Mozilla/5.0 (Macintosh; Intel Mac OS X 10_15_4) AppleWebKit/537.36 (KHTML, like Gecko) Chrome/89.0.4389.82 Safari/537.36"
2021-03-12 23:18:26 error: StatusCode : 500, Message : It appears you have done something like `app.use(helmet)`, but it should be `app.use(helmet())`.
2021-03-12 23:18:26 info: ::1 - - [12/Mar/2021:22:18:26 +0000] "GET /favicon.ico HTTP/1.1" 500 110 "http://localhost:3000/" "Mozilla/5.0 (Macintosh; Intel Mac OS X 10_15_4) AppleWebKit/537.36 (KHTML, like Gecko) Chrome/89.0.4389.82 Safari/537.36"
2021-03-12 23:19:00 error: StatusCode : 500, Message : It appears you have done something like `app.use(helmet)`, but it should be `app.use(helmet())`.
2021-03-12 23:19:00 error: StatusCode : 500, Message : It appears you have done something like `app.use(helmet)`, but it should be `app.use(helmet())`.
2021-03-12 23:19:00 error: StatusCode : 500, Message : It appears you have done something like `app.use(helmet)`, but it should be `app.use(helmet())`.
2021-03-12 23:19:02 error: StatusCode : 500, Message : It appears you have done something like `app.use(helmet)`, but it should be `app.use(helmet())`.
2021-03-12 23:19:02 error: StatusCode : 500, Message : It appears you have done something like `app.use(helmet)`, but it should be `app.use(helmet())`.
2021-03-12 23:19:02 info: ::1 - - [12/Mar/2021:22:19:02 +0000] "GET / HTTP/1.1" 500 110 "-" "Mozilla/5.0 (Macintosh; Intel Mac OS X 10_15_4) AppleWebKit/537.36 (KHTML, like Gecko) Chrome/89.0.4389.82 Safari/537.36"
2021-03-12 23:19:02 error: StatusCode : 500, Message : It appears you have done something like `app.use(helmet)`, but it should be `app.use(helmet())`.
2021-03-12 23:19:02 info: ::1 - - [12/Mar/2021:22:19:02 +0000] "GET /favicon.ico HTTP/1.1" 500 110 "http://localhost:3000/" "Mozilla/5.0 (Macintosh; Intel Mac OS X 10_15_4) AppleWebKit/537.36 (KHTML, like Gecko) Chrome/89.0.4389.82 Safari/537.36"
2021-03-12 23:19:19 info: 🚀 App listening on the port 3000
2021-03-12 23:19:23 info: ::1 - - [12/Mar/2021:22:19:23 +0000] "GET / HTTP/1.1" 200 2 "-" "Mozilla/5.0 (Macintosh; Intel Mac OS X 10_15_4) AppleWebKit/537.36 (KHTML, like Gecko) Chrome/89.0.4389.82 Safari/537.36"
2021-03-12 23:19:23 info: ::1 - - [12/Mar/2021:22:19:23 +0000] "GET /favicon.ico HTTP/1.1" 404 150 "-" "Mozilla/5.0 (Macintosh; Intel Mac OS X 10_15_4) AppleWebKit/537.36 (KHTML, like Gecko) Chrome/89.0.4389.82 Safari/537.36"
2021-03-12 23:19:24 error: StatusCode : 500, Message : No repository for "UserEntity" was found. Looks like this entity is not registered in current "default" connection?
2021-03-12 23:19:24 error: StatusCode : 500, Message : No repository for "UserEntity" was found. Looks like this entity is not registered in current "default" connection?
2021-03-12 23:19:24 error: StatusCode : 404, Message : Authentication token missing
2021-03-12 23:19:35 info: ::1 - - [12/Mar/2021:22:19:35 +0000] "GET / HTTP/1.1" 304 - "-" "Mozilla/5.0 (Macintosh; Intel Mac OS X 10_15_4) AppleWebKit/537.36 (KHTML, like Gecko) Chrome/89.0.4389.82 Safari/537.36"
2021-03-12 23:20:35 error: StatusCode : 500, Message : No repository for "UserEntity" was found. Looks like this entity is not registered in current "default" connection?
2021-03-12 23:20:35 error: StatusCode : 500, Message : No repository for "UserEntity" was found. Looks like this entity is not registered in current "default" connection?
2021-03-12 23:20:35 error: StatusCode : 404, Message : Authentication token missing
2021-03-12 23:20:49 info: 🚀 App listening on the port 3000
2021-03-12 23:20:51 info: ::1 - - [12/Mar/2021:22:20:51 +0000] "GET / HTTP/1.1" 200 3 "-" "Mozilla/5.0 (Macintosh; Intel Mac OS X 10_15_4) AppleWebKit/537.36 (KHTML, like Gecko) Chrome/89.0.4389.82 Safari/537.36"
2021-03-12 23:20:53 error: StatusCode : 500, Message : No repository for "UserEntity" was found. Looks like this entity is not registered in current "default" connection?
2021-03-12 23:20:53 error: StatusCode : 500, Message : No repository for "UserEntity" was found. Looks like this entity is not registered in current "default" connection?
2021-03-12 23:20:53 error: StatusCode : 404, Message : Authentication token missing
2021-03-12 23:27:21 error: StatusCode : 500, Message : No repository for "UserEntity" was found. Looks like this entity is not registered in current "default" connection?
2021-03-12 23:27:21 info: ::1 - - [12/Mar/2021:22:27:21 +0000] "GET /users HTTP/1.1" 500 133 "-" "Mozilla/5.0 (Macintosh; Intel Mac OS X 10_15_4) AppleWebKit/537.36 (KHTML, like Gecko) Chrome/89.0.4389.82 Safari/537.36"
2021-03-12 23:40:00 info: 🚀 App listening on the port 3000
2021-03-12 23:40:04 error: StatusCode : 500, Message : No repository for "UserEntity" was found. Looks like this entity is not registered in current "default" connection?
2021-03-12 23:40:04 info: ::1 - - [12/Mar/2021:22:40:04 +0000] "GET /users HTTP/1.1" 500 133 "-" "Mozilla/5.0 (Macintosh; Intel Mac OS X 10_15_4) AppleWebKit/537.36 (KHTML, like Gecko) Chrome/89.0.4389.82 Safari/537.36"
2021-03-12 23:40:08 error: StatusCode : 500, Message : No repository for "UserEntity" was found. Looks like this entity is not registered in current "default" connection?
2021-03-12 23:40:08 error: StatusCode : 500, Message : No repository for "UserEntity" was found. Looks like this entity is not registered in current "default" connection?
2021-03-12 23:40:08 error: StatusCode : 404, Message : Authentication token missing
2021-03-12 23:44:08 error: StatusCode : 500, Message : No repository for "UserEntity" was found. Looks like this entity is not registered in current "default" connection?
2021-03-12 23:44:08 error: StatusCode : 500, Message : No repository for "UserEntity" was found. Looks like this entity is not registered in current "default" connection?
2021-03-12 23:44:08 error: StatusCode : 404, Message : Authentication token missing
2021-03-12 23:44:32 error: StatusCode : 500, Message : No repository for "UserEntity" was found. Looks like this entity is not registered in current "default" connection?
2021-03-12 23:44:32 error: StatusCode : 500, Message : No repository for "UserEntity" was found. Looks like this entity is not registered in current "default" connection?
2021-03-12 23:44:32 error: StatusCode : 404, Message : Authentication token missing
2021-03-12 23:45:41 error: StatusCode : 500, Message : No repository for "UserEntity" was found. Looks like this entity is not registered in current "default" connection?
2021-03-12 23:45:41 error: StatusCode : 500, Message : No repository for "UserEntity" was found. Looks like this entity is not registered in current "default" connection?
2021-03-12 23:45:41 error: StatusCode : 404, Message : Authentication token missing
2021-03-12 23:46:00 error: StatusCode : 500, Message : No repository for "UserEntity" was found. Looks like this entity is not registered in current "default" connection?
2021-03-12 23:46:00 error: StatusCode : 500, Message : No repository for "UserEntity" was found. Looks like this entity is not registered in current "default" connection?
2021-03-12 23:46:00 error: StatusCode : 404, Message : Authentication token missing
2021-03-12 23:46:15 error: StatusCode : 500, Message : No repository for "UserEntity" was found. Looks like this entity is not registered in current "default" connection?
2021-03-12 23:46:15 error: StatusCode : 500, Message : No repository for "UserEntity" was found. Looks like this entity is not registered in current "default" connection?
2021-03-12 23:46:15 error: StatusCode : 404, Message : Authentication token missing
2021-03-12 23:51:08 error: StatusCode : 500, Message : No repository for "UserEntity" was found. Looks like this entity is not registered in current "default" connection?
2021-03-12 23:51:08 error: StatusCode : 500, Message : No repository for "UserEntity" was found. Looks like this entity is not registered in current "default" connection?
2021-03-12 23:51:08 error: StatusCode : 404, Message : Authentication token missing
2021-03-12 23:51:34 error: StatusCode : 500, Message : No repository for "UserEntity" was found. Looks like this entity is not registered in current "default" connection?
2021-03-12 23:51:34 error: StatusCode : 500, Message : No repository for "UserEntity" was found. Looks like this entity is not registered in current "default" connection?
2021-03-12 23:51:34 error: StatusCode : 404, Message : Authentication token missing
2021-03-12 23:52:09 error: StatusCode : 500, Message : No repository for "UserEntity" was found. Looks like this entity is not registered in current "default" connection?
2021-03-12 23:52:09 error: StatusCode : 500, Message : No repository for "UserEntity" was found. Looks like this entity is not registered in current "default" connection?
2021-03-12 23:52:09 error: StatusCode : 404, Message : Authentication token missing
2021-03-12 23:53:36 error: StatusCode : 500, Message : No repository for "UserEntity" was found. Looks like this entity is not registered in current "default" connection?
2021-03-12 23:53:36 error: StatusCode : 500, Message : No repository for "UserEntity" was found. Looks like this entity is not registered in current "default" connection?
2021-03-12 23:53:36 error: StatusCode : 404, Message : Authentication token missing
2021-03-12 23:54:24 error: StatusCode : 500, Message : No repository for "UserEntity" was found. Looks like this entity is not registered in current "default" connection?
2021-03-12 23:54:24 error: StatusCode : 500, Message : No repository for "UserEntity" was found. Looks like this entity is not registered in current "default" connection?
2021-03-12 23:54:24 error: StatusCode : 404, Message : Authentication token missing
2021-03-12 23:54:35 error: StatusCode : 500, Message : No repository for "UserEntity" was found. Looks like this entity is not registered in current "default" connection?
2021-03-12 23:54:35 error: StatusCode : 500, Message : No repository for "UserEntity" was found. Looks like this entity is not registered in current "default" connection?
2021-03-12 23:54:35 error: StatusCode : 404, Message : Authentication token missing
2021-03-12 23:54:57 error: StatusCode : 500, Message : No repository for "UserEntity" was found. Looks like this entity is not registered in current "default" connection?
2021-03-12 23:54:57 error: StatusCode : 500, Message : No repository for "UserEntity" was found. Looks like this entity is not registered in current "default" connection?
2021-03-12 23:54:57 error: StatusCode : 404, Message : Authentication token missing
2021-03-12 23:55:13 error: StatusCode : 500, Message : No repository for "UserEntity" was found. Looks like this entity is not registered in current "default" connection?
2021-03-12 23:55:14 error: StatusCode : 500, Message : No repository for "UserEntity" was found. Looks like this entity is not registered in current "default" connection?
2021-03-12 23:55:14 error: StatusCode : 404, Message : Authentication token missing
2021-03-12 23:55:52 error: StatusCode : 500, Message : No repository for "UserEntity" was found. Looks like this entity is not registered in current "default" connection?
2021-03-12 23:55:52 error: StatusCode : 500, Message : No repository for "UserEntity" was found. Looks like this entity is not registered in current "default" connection?
2021-03-12 23:55:52 error: StatusCode : 404, Message : Authentication token missing
2021-03-12 23:56:18 error: StatusCode : 500, Message : No repository for "UserEntity" was found. Looks like this entity is not registered in current "default" connection?
2021-03-12 23:56:18 error: StatusCode : 500, Message : No repository for "UserEntity" was found. Looks like this entity is not registered in current "default" connection?
2021-03-12 23:56:18 error: StatusCode : 404, Message : Authentication token missing
2021-03-12 23:57:36 info: 🚀 App listening on the port 3000
2021-03-12 23:57:39 error: StatusCode : 500, Message : No repository for "UserEntity" was found. Looks like this entity is not registered in current "default" connection?
2021-03-12 23:57:39 error: StatusCode : 500, Message : No repository for "UserEntity" was found. Looks like this entity is not registered in current "default" connection?
2021-03-12 23:57:39 error: StatusCode : 404, Message : Authentication token missing
2021-03-12 23:58:46 error: StatusCode : 500, Message : No repository for "UserEntity" was found. Looks like this entity is not registered in current "default" connection?
2021-03-12 23:58:46 error: StatusCode : 500, Message : No repository for "UserEntity" was found. Looks like this entity is not registered in current "default" connection?
2021-03-12 23:58:46 error: StatusCode : 404, Message : Authentication token missing
2021-03-12 23:59:00 error: StatusCode : 500, Message : No repository for "UserEntity" was found. Looks like this entity is not registered in current "default" connection?
2021-03-12 23:59:00 error: StatusCode : 500, Message : No repository for "UserEntity" was found. Looks like this entity is not registered in current "default" connection?
2021-03-12 23:59:00 error: StatusCode : 404, Message : Authentication token missing
2021-03-12 23:59:20 error: StatusCode : 500, Message : No repository for "UserEntity" was found. Looks like this entity is not registered in current "default" connection?
2021-03-12 23:59:21 error: StatusCode : 500, Message : No repository for "UserEntity" was found. Looks like this entity is not registered in current "default" connection?
2021-03-12 23:59:21 error: StatusCode : 404, Message : Authentication token missing
2021-03-12 23:59:47 error: StatusCode : 500, Message : No repository for "UserEntity" was found. Looks like this entity is not registered in current "default" connection?
2021-03-12 23:59:47 error: StatusCode : 500, Message : No repository for "UserEntity" was found. Looks like this entity is not registered in current "default" connection?
2021-03-12 23:59:47 error: StatusCode : 404, Message : Authentication token missing
2021-03-12 23:59:58 error: StatusCode : 500, Message : No repository for "UserEntity" was found. Looks like this entity is not registered in current "default" connection?
2021-03-12 23:59:58 error: StatusCode : 500, Message : No repository for "UserEntity" was found. Looks like this entity is not registered in current "default" connection?
2021-03-12 23:59:58 error: StatusCode : 404, Message : Authentication token missing
